<?xml version="1.0" encoding="UTF-8"?>
<!-- Generated by org.testng.reporters.JUnitReportReporter -->
<testsuite skipped="0" hostname="DESKTOP-KSRNG2U" name="Testscripts.Test1" tests="1" failures="0" timestamp="16 Jul 2020 06:08:35 GMT" time="33.312" errors="0">
  <testcase name="test_login" time="33.312" classname="Testscripts.Test1"/>
</testsuite> <!-- Testscripts.Test1 -->
